<?xml version="1.0" encoding="UTF-8"?>
<robot generator="Robot 6.0.2 (Python 3.11.1 on win32)" generated="20230522 10:33:11.567" rpa="false" schemaversion="3">
<suite id="s1" name="testDemo10" source="C:\Users\delolive\Desktop\PycharmProject\robotFramework\tests\testDemo10.robot">
<test id="s1-t1" name="Perform Enter Activity on the input field" line="175">
<kw name="Open Browser with passed url" library="Generic" type="SETUP">
<arg>${URL_Param}</arg>
<kw name="Create Webdriver" library="SeleniumLibrary">
<arg>Chrome</arg>
<arg>executable_path=driver/chromedriver.exe</arg>
<doc>Creates an instance of Selenium WebDriver.</doc>
<msg timestamp="20230522 10:33:11.785" level="INFO">Creating an instance of the Chrome WebDriver.</msg>
<status status="PASS" starttime="20230522 10:33:11.785" endtime="20230522 10:33:14.068"/>
</kw>
<kw name="Maximize Browser Window" library="SeleniumLibrary">
<doc>Maximizes current browser window.</doc>
<status status="PASS" starttime="20230522 10:33:14.068" endtime="20230522 10:33:14.183"/>
</kw>
<kw name="Go To" library="SeleniumLibrary">
<arg>${URL_Param}</arg>
<doc>Navigates the current browser window to the provided ``url``.</doc>
<msg timestamp="20230522 10:33:14.183" level="INFO">Opening url 'https://leafground.com/dashboard.xhtml'</msg>
<status status="PASS" starttime="20230522 10:33:14.183" endtime="20230522 10:33:23.288"/>
</kw>
<kw name="Sleep" library="BuiltIn">
<arg>5</arg>
<doc>Pauses the test executed for the given time.</doc>
<msg timestamp="20230522 10:33:28.289" level="INFO">Slept 5 seconds</msg>
<status status="PASS" starttime="20230522 10:33:23.288" endtime="20230522 10:33:28.289"/>
</kw>
<status status="PASS" starttime="20230522 10:33:11.785" endtime="20230522 10:33:28.289"/>
</kw>
<kw name="Navigate to" library="Generic">
<arg>Element</arg>
<arg>Text Box</arg>
<kw name="Replace String" library="String">
<var>${nav_main}</var>
<arg>${navigation_element}</arg>
<arg>navigation_title</arg>
<arg>${navigation_title}</arg>
<doc>Replaces ``search_for`` in the given ``string`` with ``replace_with``.</doc>
<msg timestamp="20230522 10:33:28.291" level="INFO">${nav_main} = //span[text()='Element']//preceding-sibling::i</msg>
<status status="PASS" starttime="20230522 10:33:28.291" endtime="20230522 10:33:28.291"/>
</kw>
<kw name="Click Element" library="SeleniumLibrary">
<arg>${nav_main}</arg>
<doc>Click the element identified by ``locator``.</doc>
<msg timestamp="20230522 10:33:28.291" level="INFO">Clicking element '//span[text()='Element']//preceding-sibling::i'.</msg>
<status status="PASS" starttime="20230522 10:33:28.291" endtime="20230522 10:33:28.346"/>
</kw>
<kw name="Sleep" library="BuiltIn">
<arg>5</arg>
<doc>Pauses the test executed for the given time.</doc>
<msg timestamp="20230522 10:33:33.346" level="INFO">Slept 5 seconds</msg>
<status status="PASS" starttime="20230522 10:33:28.346" endtime="20230522 10:33:33.346"/>
</kw>
<kw name="Replace String" library="String">
<var>${nav_option}</var>
<arg>${navigation_opt}</arg>
<arg>navigation_opt</arg>
<arg>${navigation_option}</arg>
<doc>Replaces ``search_for`` in the given ``string`` with ``replace_with``.</doc>
<msg timestamp="20230522 10:33:33.346" level="INFO">${nav_option} = //span[text()='Text Box']//parent::a</msg>
<status status="PASS" starttime="20230522 10:33:33.346" endtime="20230522 10:33:33.346"/>
</kw>
<kw name="Click Link" library="SeleniumLibrary">
<arg>${nav_option}</arg>
<doc>Clicks a link identified by ``locator``.</doc>
<msg timestamp="20230522 10:33:33.346" level="INFO">Clicking link '//span[text()='Text Box']//parent::a'.</msg>
<status status="PASS" starttime="20230522 10:33:33.346" endtime="20230522 10:33:42.350"/>
</kw>
<kw name="Sleep" library="BuiltIn">
<arg>5</arg>
<doc>Pauses the test executed for the given time.</doc>
<msg timestamp="20230522 10:33:47.350" level="INFO">Slept 5 seconds</msg>
<status status="PASS" starttime="20230522 10:33:42.350" endtime="20230522 10:33:47.350"/>
</kw>
<status status="PASS" starttime="20230522 10:33:28.291" endtime="20230522 10:33:47.350"/>
</kw>
<kw name="Press Enter on the input field and verify error msg is displayed" library="secElementSubTextBoxPage">
<kw name="Click Element" library="SeleniumLibrary">
<arg>${conf_err_msg_field}</arg>
<doc>Click the element identified by ``locator``.</doc>
<msg timestamp="20230522 10:33:47.350" level="INFO">Clicking element '(//h5[text()='Just Press Enter and confirm error message*']//following-sibling::div//input)[1]'.</msg>
<status status="PASS" starttime="20230522 10:33:47.350" endtime="20230522 10:33:47.404"/>
</kw>
<kw name="Press Keys" library="SeleniumLibrary">
<arg>None</arg>
<arg>ENTER</arg>
<doc>Simulates the user pressing key(s) to an element or on the active browser.</doc>
<msg timestamp="20230522 10:33:47.405" level="INFO">Sending key(s) ('ENTER',) to page.</msg>
<msg timestamp="20230522 10:33:47.406" level="INFO">Pressing special key ENTER to browser.</msg>
<msg timestamp="20230522 10:33:47.406" level="INFO">Releasing special key ENTER.</msg>
<status status="PASS" starttime="20230522 10:33:47.405" endtime="20230522 10:33:48.571"/>
</kw>
<kw name="Element Should Be Visible" library="SeleniumLibrary">
<arg>${age_err_msg}</arg>
<doc>Verifies that the element identified by ``locator`` is visible.</doc>
<msg timestamp="20230522 10:33:48.608" level="INFO">Element '//span[text()='Age is mandatory']' is displayed.</msg>
<status status="PASS" starttime="20230522 10:33:48.571" endtime="20230522 10:33:48.608"/>
</kw>
<status status="PASS" starttime="20230522 10:33:47.350" endtime="20230522 10:33:48.609"/>
</kw>
<kw name="Sleep" library="BuiltIn">
<arg>5</arg>
<doc>Pauses the test executed for the given time.</doc>
<msg timestamp="20230522 10:33:53.609" level="INFO">Slept 5 seconds</msg>
<status status="PASS" starttime="20230522 10:33:48.609" endtime="20230522 10:33:53.609"/>
</kw>
<kw name="close browser session" library="Generic" type="TEARDOWN">
<kw name="Close Browser" library="SeleniumLibrary">
<doc>Closes the current browser.</doc>
<status status="PASS" starttime="20230522 10:33:53.609" endtime="20230522 10:33:55.846"/>
</kw>
<status status="PASS" starttime="20230522 10:33:53.609" endtime="20230522 10:33:55.846"/>
</kw>
<tag>ALL</tag>
<tag>TEXTBOX</tag>
<status status="PASS" starttime="20230522 10:33:11.785" endtime="20230522 10:33:55.846"/>
</test>
<doc>Perform Test on Dashboard</doc>
<status status="PASS" starttime="20230522 10:33:11.580" endtime="20230522 10:33:55.846"/>
</suite>
<statistics>
<total>
<stat pass="1" fail="0" skip="0">All Tests</stat>
</total>
<tag>
<stat pass="1" fail="0" skip="0">ALL</stat>
<stat pass="1" fail="0" skip="0">TEXTBOX</stat>
</tag>
<suite>
<stat pass="1" fail="0" skip="0" id="s1" name="testDemo10">testDemo10</stat>
</suite>
</statistics>
<errors>
</errors>
</robot>
