<?xml version="1.0" encoding="UTF-8"?>
<robot generator="Robot 6.0.2 (Python 3.11.1 on win32)" generated="20230529 13:36:10.222" rpa="false" schemaversion="3">
<suite id="s1" name="testDemo10" source="C:\Users\delolive\Desktop\PycharmProject\robotFramework\tests\testDemo10.robot">
<test id="s1-t1" name="Verify if color change while mouse hover on the element" line="206">
<kw name="Open Browser with passed url" library="Generic" type="SETUP">
<arg>${URL_Param}</arg>
<kw name="Create Webdriver" library="SeleniumLibrary">
<arg>Chrome</arg>
<arg>executable_path=driver/chromedriver.exe</arg>
<doc>Creates an instance of Selenium WebDriver.</doc>
<msg timestamp="20230529 13:36:10.562" level="INFO">Creating an instance of the Chrome WebDriver.</msg>
<status status="PASS" starttime="20230529 13:36:10.561" endtime="20230529 13:36:13.846"/>
</kw>
<kw name="Maximize Browser Window" library="SeleniumLibrary">
<doc>Maximizes current browser window.</doc>
<status status="PASS" starttime="20230529 13:36:13.847" endtime="20230529 13:36:13.975"/>
</kw>
<kw name="Go To" library="SeleniumLibrary">
<arg>${URL_Param}</arg>
<doc>Navigates the current browser window to the provided ``url``.</doc>
<msg timestamp="20230529 13:36:13.975" level="INFO">Opening url 'https://leafground.com/dashboard.xhtml'</msg>
<status status="PASS" starttime="20230529 13:36:13.975" endtime="20230529 13:36:17.491"/>
</kw>
<kw name="Sleep" library="BuiltIn">
<arg>5</arg>
<doc>Pauses the test executed for the given time.</doc>
<msg timestamp="20230529 13:36:22.492" level="INFO">Slept 5 seconds</msg>
<status status="PASS" starttime="20230529 13:36:17.491" endtime="20230529 13:36:22.492"/>
</kw>
<status status="PASS" starttime="20230529 13:36:10.561" endtime="20230529 13:36:22.492"/>
</kw>
<kw name="Navigate to" library="Generic">
<arg>Element</arg>
<arg>Button</arg>
<kw name="Replace String" library="String">
<var>${nav_main}</var>
<arg>${navigation_element}</arg>
<arg>navigation_title</arg>
<arg>${navigation_title}</arg>
<doc>Replaces ``search_for`` in the given ``string`` with ``replace_with``.</doc>
<msg timestamp="20230529 13:36:22.494" level="INFO">${nav_main} = //span[text()='Element']//preceding-sibling::i</msg>
<status status="PASS" starttime="20230529 13:36:22.494" endtime="20230529 13:36:22.494"/>
</kw>
<kw name="Click Element" library="SeleniumLibrary">
<arg>${nav_main}</arg>
<doc>Click the element identified by ``locator``.</doc>
<msg timestamp="20230529 13:36:22.496" level="INFO">Clicking element '//span[text()='Element']//preceding-sibling::i'.</msg>
<status status="PASS" starttime="20230529 13:36:22.494" endtime="20230529 13:36:22.573"/>
</kw>
<kw name="Sleep" library="BuiltIn">
<arg>5</arg>
<doc>Pauses the test executed for the given time.</doc>
<msg timestamp="20230529 13:36:27.575" level="INFO">Slept 5 seconds</msg>
<status status="PASS" starttime="20230529 13:36:22.573" endtime="20230529 13:36:27.575"/>
</kw>
<kw name="Replace String" library="String">
<var>${nav_option}</var>
<arg>${navigation_opt}</arg>
<arg>navigation_opt</arg>
<arg>${navigation_option}</arg>
<doc>Replaces ``search_for`` in the given ``string`` with ``replace_with``.</doc>
<msg timestamp="20230529 13:36:27.575" level="INFO">${nav_option} = //span[text()='Button']//parent::a</msg>
<status status="PASS" starttime="20230529 13:36:27.575" endtime="20230529 13:36:27.575"/>
</kw>
<kw name="Click Link" library="SeleniumLibrary">
<arg>${nav_option}</arg>
<doc>Clicks a link identified by ``locator``.</doc>
<msg timestamp="20230529 13:36:27.576" level="INFO">Clicking link '//span[text()='Button']//parent::a'.</msg>
<status status="PASS" starttime="20230529 13:36:27.576" endtime="20230529 13:36:29.481"/>
</kw>
<kw name="Sleep" library="BuiltIn">
<arg>5</arg>
<doc>Pauses the test executed for the given time.</doc>
<msg timestamp="20230529 13:36:34.481" level="INFO">Slept 5 seconds</msg>
<status status="PASS" starttime="20230529 13:36:29.481" endtime="20230529 13:36:34.481"/>
</kw>
<status status="PASS" starttime="20230529 13:36:22.493" endtime="20230529 13:36:34.481"/>
</kw>
<kw name="Mouse over and confirm the color changed" library="SecElementSubButtonPage">
<kw name="Get Color Element Rgba" library="SeleniumAdvFunc">
<var>${color_desc1}</var>
<arg>${col_chg_Success_btn}</arg>
<msg timestamp="20230529 13:36:34.512" level="INFO">${color_desc1} = #689f3838</msg>
<status status="PASS" starttime="20230529 13:36:34.482" endtime="20230529 13:36:34.512"/>
</kw>
<kw name="Log To Console" library="BuiltIn">
<arg>Color Hex Code ${color_desc1}</arg>
<doc>Logs the given message to the console.</doc>
<status status="PASS" starttime="20230529 13:36:34.512" endtime="20230529 13:36:34.512"/>
</kw>
<kw name="Sleep" library="BuiltIn">
<arg>1</arg>
<doc>Pauses the test executed for the given time.</doc>
<msg timestamp="20230529 13:36:35.512" level="INFO">Slept 1 second</msg>
<status status="PASS" starttime="20230529 13:36:34.512" endtime="20230529 13:36:35.512"/>
</kw>
<kw name="Mouse Over" library="SeleniumLibrary">
<arg>${col_chg_Success_btn}</arg>
<doc>Simulates hovering the mouse over the element ``locator``.</doc>
<msg timestamp="20230529 13:36:35.512" level="INFO">Simulating Mouse Over on element '//h5[text()='Mouse over and confirm the color changed']//following-sibling::button'.</msg>
<status status="PASS" starttime="20230529 13:36:35.512" endtime="20230529 13:36:35.794"/>
</kw>
<kw name="Sleep" library="BuiltIn">
<arg>1</arg>
<doc>Pauses the test executed for the given time.</doc>
<msg timestamp="20230529 13:36:36.795" level="INFO">Slept 1 second</msg>
<status status="PASS" starttime="20230529 13:36:35.794" endtime="20230529 13:36:36.795"/>
</kw>
<kw name="Get Color Element Rgba" library="SeleniumAdvFunc">
<var>${color_desc2}</var>
<arg>${col_chg_Success_btn}</arg>
<msg timestamp="20230529 13:36:36.818" level="INFO">${color_desc2} = #5e8f3232</msg>
<status status="PASS" starttime="20230529 13:36:36.795" endtime="20230529 13:36:36.818"/>
</kw>
<kw name="Log To Console" library="BuiltIn">
<arg>Color Hex Code ${color_desc2}</arg>
<doc>Logs the given message to the console.</doc>
<status status="PASS" starttime="20230529 13:36:36.819" endtime="20230529 13:36:36.819"/>
</kw>
<kw name="Sleep" library="BuiltIn">
<arg>2</arg>
<doc>Pauses the test executed for the given time.</doc>
<msg timestamp="20230529 13:36:38.820" level="INFO">Slept 2 seconds</msg>
<status status="PASS" starttime="20230529 13:36:36.820" endtime="20230529 13:36:38.820"/>
</kw>
<kw name="Should Not Be Equal As Strings" library="BuiltIn">
<arg>${color_desc1}</arg>
<arg>${color_desc2}</arg>
<doc>Fails if objects are equal after converting them to strings.</doc>
<status status="PASS" starttime="20230529 13:36:38.820" endtime="20230529 13:36:38.820"/>
</kw>
<status status="PASS" starttime="20230529 13:36:34.482" endtime="20230529 13:36:38.820"/>
</kw>
<kw name="Sleep" library="BuiltIn">
<arg>2</arg>
<doc>Pauses the test executed for the given time.</doc>
<msg timestamp="20230529 13:36:40.822" level="INFO">Slept 2 seconds</msg>
<status status="PASS" starttime="20230529 13:36:38.821" endtime="20230529 13:36:40.822"/>
</kw>
<kw name="close browser session" library="Generic" type="TEARDOWN">
<kw name="Close Browser" library="SeleniumLibrary">
<doc>Closes the current browser.</doc>
<status status="PASS" starttime="20230529 13:36:40.822" endtime="20230529 13:36:43.144"/>
</kw>
<status status="PASS" starttime="20230529 13:36:40.822" endtime="20230529 13:36:43.144"/>
</kw>
<tag>ALL</tag>
<tag>BUTTON</tag>
<status status="PASS" starttime="20230529 13:36:10.560" endtime="20230529 13:36:43.144"/>
</test>
<doc>Perform Test on Dashboard</doc>
<status status="PASS" starttime="20230529 13:36:10.224" endtime="20230529 13:36:43.145"/>
</suite>
<statistics>
<total>
<stat pass="1" fail="0" skip="0">All Tests</stat>
</total>
<tag>
<stat pass="1" fail="0" skip="0">ALL</stat>
<stat pass="1" fail="0" skip="0">BUTTON</stat>
</tag>
<suite>
<stat pass="1" fail="0" skip="0" id="s1" name="testDemo10">testDemo10</stat>
</suite>
</statistics>
<errors>
</errors>
</robot>
