<?xml version="1.0" encoding="UTF-8"?>
<robot generator="Robot 6.0.2 (Python 3.11.1 on win32)" generated="20230516 12:43:44.623" rpa="false" schemaversion="3">
<suite id="s1" name="testDemo10" source="C:\Users\delolive\Desktop\PycharmProject\robotFramework\tests\testDemo10.robot">
<test id="s1-t1" name="Perform Resize Image Activity using Drag by offset" line="133">
<kw name="Open Browser with passed url" library="Generic" type="SETUP">
<arg>${URL_Param}</arg>
<kw name="Create Webdriver" library="SeleniumLibrary">
<arg>Chrome</arg>
<arg>executable_path=driver/chromedriver.exe</arg>
<doc>Creates an instance of Selenium WebDriver.</doc>
<msg timestamp="20230516 12:43:44.849" level="INFO">Creating an instance of the Chrome WebDriver.</msg>
<status status="PASS" starttime="20230516 12:43:44.849" endtime="20230516 12:43:47.209"/>
</kw>
<kw name="Maximize Browser Window" library="SeleniumLibrary">
<doc>Maximizes current browser window.</doc>
<status status="PASS" starttime="20230516 12:43:47.209" endtime="20230516 12:43:47.328"/>
</kw>
<kw name="Go To" library="SeleniumLibrary">
<arg>${URL_Param}</arg>
<doc>Navigates the current browser window to the provided ``url``.</doc>
<msg timestamp="20230516 12:43:47.328" level="INFO">Opening url 'https://leafground.com/dashboard.xhtml'</msg>
<status status="PASS" starttime="20230516 12:43:47.328" endtime="20230516 12:43:50.944"/>
</kw>
<kw name="Sleep" library="BuiltIn">
<arg>5</arg>
<doc>Pauses the test executed for the given time.</doc>
<msg timestamp="20230516 12:43:55.945" level="INFO">Slept 5 seconds</msg>
<status status="PASS" starttime="20230516 12:43:50.944" endtime="20230516 12:43:55.945"/>
</kw>
<status status="PASS" starttime="20230516 12:43:44.847" endtime="20230516 12:43:55.946"/>
</kw>
<kw name="Navigate to" library="Generic">
<arg>Browser</arg>
<arg>Drag</arg>
<kw name="Replace String" library="String">
<var>${nav_main}</var>
<arg>${navigation_element}</arg>
<arg>navigation_title</arg>
<arg>${navigation_title}</arg>
<doc>Replaces ``search_for`` in the given ``string`` with ``replace_with``.</doc>
<msg timestamp="20230516 12:43:55.949" level="INFO">${nav_main} = //span[text()='Browser']//preceding-sibling::i</msg>
<status status="PASS" starttime="20230516 12:43:55.949" endtime="20230516 12:43:55.949"/>
</kw>
<kw name="Click Element" library="SeleniumLibrary">
<arg>${nav_main}</arg>
<doc>Click the element identified by ``locator``.</doc>
<msg timestamp="20230516 12:43:55.950" level="INFO">Clicking element '//span[text()='Browser']//preceding-sibling::i'.</msg>
<status status="PASS" starttime="20230516 12:43:55.949" endtime="20230516 12:43:56.026"/>
</kw>
<kw name="Sleep" library="BuiltIn">
<arg>5</arg>
<doc>Pauses the test executed for the given time.</doc>
<msg timestamp="20230516 12:44:01.027" level="INFO">Slept 5 seconds</msg>
<status status="PASS" starttime="20230516 12:43:56.027" endtime="20230516 12:44:01.027"/>
</kw>
<kw name="Replace String" library="String">
<var>${nav_option}</var>
<arg>${navigation_opt}</arg>
<arg>navigation_opt</arg>
<arg>${navigation_option}</arg>
<doc>Replaces ``search_for`` in the given ``string`` with ``replace_with``.</doc>
<msg timestamp="20230516 12:44:01.028" level="INFO">${nav_option} = //span[text()='Drag']//parent::a</msg>
<status status="PASS" starttime="20230516 12:44:01.027" endtime="20230516 12:44:01.028"/>
</kw>
<kw name="Click Link" library="SeleniumLibrary">
<arg>${nav_option}</arg>
<doc>Clicks a link identified by ``locator``.</doc>
<msg timestamp="20230516 12:44:01.029" level="INFO">Clicking link '//span[text()='Drag']//parent::a'.</msg>
<status status="PASS" starttime="20230516 12:44:01.028" endtime="20230516 12:44:03.636"/>
</kw>
<kw name="Sleep" library="BuiltIn">
<arg>5</arg>
<doc>Pauses the test executed for the given time.</doc>
<msg timestamp="20230516 12:44:08.636" level="INFO">Slept 5 seconds</msg>
<status status="PASS" starttime="20230516 12:44:03.636" endtime="20230516 12:44:08.636"/>
</kw>
<status status="PASS" starttime="20230516 12:43:55.949" endtime="20230516 12:44:08.636"/>
</kw>
<kw name="Perform Resize Image Activity" library="secBrowserSubDragDropPage">
<kw name="Drag And Drop By Offset" library="SeleniumLibrary">
<arg>${resize_image}</arg>
<arg>300</arg>
<arg>0</arg>
<doc>Drags the element identified with ``locator`` by ``xoffset/yoffset``.</doc>
<status status="PASS" starttime="20230516 12:44:08.640" endtime="20230516 12:44:09.214"/>
</kw>
<kw name="Sleep" library="BuiltIn">
<arg>5</arg>
<doc>Pauses the test executed for the given time.</doc>
<msg timestamp="20230516 12:44:14.215" level="INFO">Slept 5 seconds</msg>
<status status="PASS" starttime="20230516 12:44:09.214" endtime="20230516 12:44:14.215"/>
</kw>
<status status="PASS" starttime="20230516 12:44:08.640" endtime="20230516 12:44:14.215"/>
</kw>
<kw name="close browser session" library="Generic" type="TEARDOWN">
<kw name="Close Browser" library="SeleniumLibrary">
<doc>Closes the current browser.</doc>
<status status="PASS" starttime="20230516 12:44:14.217" endtime="20230516 12:44:16.456"/>
</kw>
<status status="PASS" starttime="20230516 12:44:14.217" endtime="20230516 12:44:16.456"/>
</kw>
<tag>ALL</tag>
<tag>DRAGANDDROP</tag>
<status status="PASS" starttime="20230516 12:43:44.846" endtime="20230516 12:44:16.457"/>
</test>
<doc>Perform Test on Dashboard</doc>
<status status="PASS" starttime="20230516 12:43:44.624" endtime="20230516 12:44:16.458"/>
</suite>
<statistics>
<total>
<stat pass="1" fail="0" skip="0">All Tests</stat>
</total>
<tag>
<stat pass="1" fail="0" skip="0">ALL</stat>
<stat pass="1" fail="0" skip="0">DRAGANDDROP</stat>
</tag>
<suite>
<stat pass="1" fail="0" skip="0" id="s1" name="testDemo10">testDemo10</stat>
</suite>
</statistics>
<errors>
</errors>
</robot>
