<?xml version="1.0" encoding="UTF-8"?>
<robot generator="Robot 6.0.2 (Python 3.11.1 on win32)" generated="20230424 16:50:08.463" rpa="false" schemaversion="3">
<suite id="s1" name="testDemo10" source="C:\Users\delolive\Desktop\PycharmProject\robotFramework\tests\testDemo10.robot">
<test id="s1-t1" name="Select Weekly Tasks" line="14">
<kw name="Open Browser with passed url" library="Generic" type="SETUP">
<arg>${URL_Param}</arg>
<kw name="Create Webdriver" library="SeleniumLibrary">
<arg>Chrome</arg>
<arg>executable_path=driver/chromedriver.exe</arg>
<doc>Creates an instance of Selenium WebDriver.</doc>
<msg timestamp="20230424 16:50:08.752" level="INFO">Creating an instance of the Chrome WebDriver.</msg>
<status status="PASS" starttime="20230424 16:50:08.752" endtime="20230424 16:50:11.485"/>
</kw>
<kw name="Maximize Browser Window" library="SeleniumLibrary">
<doc>Maximizes current browser window.</doc>
<status status="PASS" starttime="20230424 16:50:11.485" endtime="20230424 16:50:11.600"/>
</kw>
<kw name="Go To" library="SeleniumLibrary">
<arg>${URL_Param}</arg>
<doc>Navigates the current browser window to the provided ``url``.</doc>
<msg timestamp="20230424 16:50:11.601" level="INFO">Opening url 'https://leafground.com/dashboard.xhtml'</msg>
<status status="PASS" starttime="20230424 16:50:11.600" endtime="20230424 16:50:18.706"/>
</kw>
<kw name="Sleep" library="BuiltIn">
<arg>5</arg>
<doc>Pauses the test executed for the given time.</doc>
<msg timestamp="20230424 16:50:23.706" level="INFO">Slept 5 seconds</msg>
<status status="PASS" starttime="20230424 16:50:18.706" endtime="20230424 16:50:23.706"/>
</kw>
<status status="PASS" starttime="20230424 16:50:08.751" endtime="20230424 16:50:23.706"/>
</kw>
<kw name="Select Weekly checkbox from Weekly tasks table" library="DashboardPage">
<kw name="Get WebElements" library="SeleniumLibrary">
<var>${actual_list}</var>
<arg>${tbl_weekly_tasks}</arg>
<doc>Returns a list of WebElement objects matching the ``locator``.</doc>
<msg timestamp="20230424 16:50:23.721" level="INFO">${actual_list} = [&lt;selenium.webdriver.remote.webelement.WebElement (session="3ad9c831b9fc8334cd4bbfc223f38aab", element="8632d15c-0d8e-4930-897a-1572982048c6")&gt;, &lt;selenium.webdriver.remote.webelement.WebElement (sessi...</msg>
<status status="PASS" starttime="20230424 16:50:23.708" endtime="20230424 16:50:23.721"/>
</kw>
<for flavor="IN">
<var>${element}</var>
<value>@{actual_list}</value>
<iter>
<var name="${element}">&lt;selenium.webdriver.remote.webelement.WebElement (session="3ad9c831b9fc8334cd4bbfc223f38aab", element="8632d15c-0d8e-4930-897a-1572982048c6")&gt;</var>
<if>
<branch type="IF" condition="&quot;Weekly&quot; in &quot;${element.text}&quot;">
<kw name="Replace String" library="String">
<var>${tbl_value_updated}</var>
<arg>${tbl_value}</arg>
<arg>tabledata</arg>
<arg>${element.text}</arg>
<doc>Replaces ``search_for`` in the given ``string`` with ``replace_with``.</doc>
<status status="NOT RUN" starttime="20230424 16:50:23.733" endtime="20230424 16:50:23.733"/>
</kw>
<kw name="Click Element" library="SeleniumLibrary">
<arg>${tbl_value_updated}</arg>
<doc>Click the element identified by ``locator``.</doc>
<status status="NOT RUN" starttime="20230424 16:50:23.733" endtime="20230424 16:50:23.733"/>
</kw>
<kw name="Sleep" library="BuiltIn">
<arg>3</arg>
<doc>Pauses the test executed for the given time.</doc>
<status status="NOT RUN" starttime="20230424 16:50:23.733" endtime="20230424 16:50:23.733"/>
</kw>
<status status="NOT RUN" starttime="20230424 16:50:23.721" endtime="20230424 16:50:23.733"/>
</branch>
<status status="PASS" starttime="20230424 16:50:23.721" endtime="20230424 16:50:23.733"/>
</if>
<status status="PASS" starttime="20230424 16:50:23.721" endtime="20230424 16:50:23.733"/>
</iter>
<iter>
<var name="${element}">&lt;selenium.webdriver.remote.webelement.WebElement (session="3ad9c831b9fc8334cd4bbfc223f38aab", element="29c2620e-09e1-4ee4-9afa-9596148cabe2")&gt;</var>
<if>
<branch type="IF" condition="&quot;Weekly&quot; in &quot;${element.text}&quot;">
<kw name="Replace String" library="String">
<var>${tbl_value_updated}</var>
<arg>${tbl_value}</arg>
<arg>tabledata</arg>
<arg>${element.text}</arg>
<doc>Replaces ``search_for`` in the given ``string`` with ``replace_with``.</doc>
<msg timestamp="20230424 16:50:23.751" level="INFO">${tbl_value_updated} = //span[contains(@class,'title') and text()='Weekly Tasks']//parent::div//parent::div//div[contains(@id,'content')]//div[contains(@class,'select')]//following-sibling::span[text()='Weekly Assignments']...</msg>
<status status="PASS" starttime="20230424 16:50:23.743" endtime="20230424 16:50:23.751"/>
</kw>
<kw name="Click Element" library="SeleniumLibrary">
<arg>${tbl_value_updated}</arg>
<doc>Click the element identified by ``locator``.</doc>
<msg timestamp="20230424 16:50:23.751" level="INFO">Clicking element '//span[contains(@class,'title') and text()='Weekly Tasks']//parent::div//parent::div//div[contains(@id,'content')]//div[contains(@class,'select')]//following-sibling::span[text()='Weekly Assignments']//preceding-sibling::div//div[contains(@class,'chkbox')]'.</msg>
<status status="PASS" starttime="20230424 16:50:23.751" endtime="20230424 16:50:23.790"/>
</kw>
<kw name="Sleep" library="BuiltIn">
<arg>3</arg>
<doc>Pauses the test executed for the given time.</doc>
<msg timestamp="20230424 16:50:26.790" level="INFO">Slept 3 seconds</msg>
<status status="PASS" starttime="20230424 16:50:23.790" endtime="20230424 16:50:26.790"/>
</kw>
<status status="PASS" starttime="20230424 16:50:23.733" endtime="20230424 16:50:26.790"/>
</branch>
<status status="PASS" starttime="20230424 16:50:23.733" endtime="20230424 16:50:26.790"/>
</if>
<status status="PASS" starttime="20230424 16:50:23.733" endtime="20230424 16:50:26.790"/>
</iter>
<iter>
<var name="${element}">&lt;selenium.webdriver.remote.webelement.WebElement (session="3ad9c831b9fc8334cd4bbfc223f38aab", element="f13c20f9-1d46-464d-8006-201b1d620094")&gt;</var>
<if>
<branch type="IF" condition="&quot;Weekly&quot; in &quot;${element.text}&quot;">
<kw name="Replace String" library="String">
<var>${tbl_value_updated}</var>
<arg>${tbl_value}</arg>
<arg>tabledata</arg>
<arg>${element.text}</arg>
<doc>Replaces ``search_for`` in the given ``string`` with ``replace_with``.</doc>
<msg timestamp="20230424 16:50:26.818" level="INFO">${tbl_value_updated} = //span[contains(@class,'title') and text()='Weekly Tasks']//parent::div//parent::div//div[contains(@id,'content')]//div[contains(@class,'select')]//following-sibling::span[text()='Weekly Coding']//pre...</msg>
<status status="PASS" starttime="20230424 16:50:26.809" endtime="20230424 16:50:26.818"/>
</kw>
<kw name="Click Element" library="SeleniumLibrary">
<arg>${tbl_value_updated}</arg>
<doc>Click the element identified by ``locator``.</doc>
<msg timestamp="20230424 16:50:26.818" level="INFO">Clicking element '//span[contains(@class,'title') and text()='Weekly Tasks']//parent::div//parent::div//div[contains(@id,'content')]//div[contains(@class,'select')]//following-sibling::span[text()='Weekly Coding']//preceding-sibling::div//div[contains(@class,'chkbox')]'.</msg>
<status status="PASS" starttime="20230424 16:50:26.818" endtime="20230424 16:50:26.856"/>
</kw>
<kw name="Sleep" library="BuiltIn">
<arg>3</arg>
<doc>Pauses the test executed for the given time.</doc>
<msg timestamp="20230424 16:50:29.856" level="INFO">Slept 3 seconds</msg>
<status status="PASS" starttime="20230424 16:50:26.856" endtime="20230424 16:50:29.856"/>
</kw>
<status status="PASS" starttime="20230424 16:50:26.790" endtime="20230424 16:50:29.856"/>
</branch>
<status status="PASS" starttime="20230424 16:50:26.790" endtime="20230424 16:50:29.856"/>
</if>
<status status="PASS" starttime="20230424 16:50:26.790" endtime="20230424 16:50:29.856"/>
</iter>
<iter>
<var name="${element}">&lt;selenium.webdriver.remote.webelement.WebElement (session="3ad9c831b9fc8334cd4bbfc223f38aab", element="cf948c5c-8eee-41bb-bc01-4c544e300f48")&gt;</var>
<if>
<branch type="IF" condition="&quot;Weekly&quot; in &quot;${element.text}&quot;">
<kw name="Replace String" library="String">
<var>${tbl_value_updated}</var>
<arg>${tbl_value}</arg>
<arg>tabledata</arg>
<arg>${element.text}</arg>
<doc>Replaces ``search_for`` in the given ``string`` with ``replace_with``.</doc>
<status status="NOT RUN" starttime="20230424 16:50:29.871" endtime="20230424 16:50:29.871"/>
</kw>
<kw name="Click Element" library="SeleniumLibrary">
<arg>${tbl_value_updated}</arg>
<doc>Click the element identified by ``locator``.</doc>
<status status="NOT RUN" starttime="20230424 16:50:29.871" endtime="20230424 16:50:29.871"/>
</kw>
<kw name="Sleep" library="BuiltIn">
<arg>3</arg>
<doc>Pauses the test executed for the given time.</doc>
<status status="NOT RUN" starttime="20230424 16:50:29.871" endtime="20230424 16:50:29.871"/>
</kw>
<status status="NOT RUN" starttime="20230424 16:50:29.856" endtime="20230424 16:50:29.871"/>
</branch>
<status status="PASS" starttime="20230424 16:50:29.856" endtime="20230424 16:50:29.871"/>
</if>
<status status="PASS" starttime="20230424 16:50:29.856" endtime="20230424 16:50:29.871"/>
</iter>
<iter>
<var name="${element}">&lt;selenium.webdriver.remote.webelement.WebElement (session="3ad9c831b9fc8334cd4bbfc223f38aab", element="3a5c2d00-1a40-4544-8077-556076207e9c")&gt;</var>
<if>
<branch type="IF" condition="&quot;Weekly&quot; in &quot;${element.text}&quot;">
<kw name="Replace String" library="String">
<var>${tbl_value_updated}</var>
<arg>${tbl_value}</arg>
<arg>tabledata</arg>
<arg>${element.text}</arg>
<doc>Replaces ``search_for`` in the given ``string`` with ``replace_with``.</doc>
<status status="NOT RUN" starttime="20230424 16:50:29.884" endtime="20230424 16:50:29.884"/>
</kw>
<kw name="Click Element" library="SeleniumLibrary">
<arg>${tbl_value_updated}</arg>
<doc>Click the element identified by ``locator``.</doc>
<status status="NOT RUN" starttime="20230424 16:50:29.884" endtime="20230424 16:50:29.884"/>
</kw>
<kw name="Sleep" library="BuiltIn">
<arg>3</arg>
<doc>Pauses the test executed for the given time.</doc>
<status status="NOT RUN" starttime="20230424 16:50:29.884" endtime="20230424 16:50:29.884"/>
</kw>
<status status="NOT RUN" starttime="20230424 16:50:29.871" endtime="20230424 16:50:29.884"/>
</branch>
<status status="PASS" starttime="20230424 16:50:29.871" endtime="20230424 16:50:29.884"/>
</if>
<status status="PASS" starttime="20230424 16:50:29.871" endtime="20230424 16:50:29.884"/>
</iter>
<iter>
<var name="${element}">&lt;selenium.webdriver.remote.webelement.WebElement (session="3ad9c831b9fc8334cd4bbfc223f38aab", element="fb137542-5a6b-4271-8285-d3aa6589b98b")&gt;</var>
<if>
<branch type="IF" condition="&quot;Weekly&quot; in &quot;${element.text}&quot;">
<kw name="Replace String" library="String">
<var>${tbl_value_updated}</var>
<arg>${tbl_value}</arg>
<arg>tabledata</arg>
<arg>${element.text}</arg>
<doc>Replaces ``search_for`` in the given ``string`` with ``replace_with``.</doc>
<status status="NOT RUN" starttime="20230424 16:50:29.900" endtime="20230424 16:50:29.900"/>
</kw>
<kw name="Click Element" library="SeleniumLibrary">
<arg>${tbl_value_updated}</arg>
<doc>Click the element identified by ``locator``.</doc>
<status status="NOT RUN" starttime="20230424 16:50:29.900" endtime="20230424 16:50:29.900"/>
</kw>
<kw name="Sleep" library="BuiltIn">
<arg>3</arg>
<doc>Pauses the test executed for the given time.</doc>
<status status="NOT RUN" starttime="20230424 16:50:29.900" endtime="20230424 16:50:29.900"/>
</kw>
<status status="NOT RUN" starttime="20230424 16:50:29.884" endtime="20230424 16:50:29.900"/>
</branch>
<status status="PASS" starttime="20230424 16:50:29.884" endtime="20230424 16:50:29.900"/>
</if>
<status status="PASS" starttime="20230424 16:50:29.884" endtime="20230424 16:50:29.900"/>
</iter>
<iter>
<var name="${element}">&lt;selenium.webdriver.remote.webelement.WebElement (session="3ad9c831b9fc8334cd4bbfc223f38aab", element="3bcd481e-14ff-418c-b42d-357bf2235644")&gt;</var>
<if>
<branch type="IF" condition="&quot;Weekly&quot; in &quot;${element.text}&quot;">
<kw name="Replace String" library="String">
<var>${tbl_value_updated}</var>
<arg>${tbl_value}</arg>
<arg>tabledata</arg>
<arg>${element.text}</arg>
<doc>Replaces ``search_for`` in the given ``string`` with ``replace_with``.</doc>
<status status="NOT RUN" starttime="20230424 16:50:29.912" endtime="20230424 16:50:29.912"/>
</kw>
<kw name="Click Element" library="SeleniumLibrary">
<arg>${tbl_value_updated}</arg>
<doc>Click the element identified by ``locator``.</doc>
<status status="NOT RUN" starttime="20230424 16:50:29.912" endtime="20230424 16:50:29.912"/>
</kw>
<kw name="Sleep" library="BuiltIn">
<arg>3</arg>
<doc>Pauses the test executed for the given time.</doc>
<status status="NOT RUN" starttime="20230424 16:50:29.913" endtime="20230424 16:50:29.913"/>
</kw>
<status status="NOT RUN" starttime="20230424 16:50:29.900" endtime="20230424 16:50:29.913"/>
</branch>
<status status="PASS" starttime="20230424 16:50:29.900" endtime="20230424 16:50:29.913"/>
</if>
<status status="PASS" starttime="20230424 16:50:29.900" endtime="20230424 16:50:29.913"/>
</iter>
<status status="PASS" starttime="20230424 16:50:23.721" endtime="20230424 16:50:29.913"/>
</for>
<status status="PASS" starttime="20230424 16:50:23.707" endtime="20230424 16:50:29.913"/>
</kw>
<kw name="close browser session" library="Generic" type="TEARDOWN">
<kw name="Close Browser" library="SeleniumLibrary">
<doc>Closes the current browser.</doc>
<status status="PASS" starttime="20230424 16:50:29.915" endtime="20230424 16:50:32.098"/>
</kw>
<status status="PASS" starttime="20230424 16:50:29.915" endtime="20230424 16:50:32.098"/>
</kw>
<status status="PASS" starttime="20230424 16:50:08.751" endtime="20230424 16:50:32.101"/>
</test>
<test id="s1-t2" name="Get Inventory ID Data from table Inventory by Status InStock or Lowstock" line="17">
<kw name="Open Browser with passed url" library="Generic" type="SETUP">
<arg>${URL_Param}</arg>
<kw name="Create Webdriver" library="SeleniumLibrary">
<arg>Chrome</arg>
<arg>executable_path=driver/chromedriver.exe</arg>
<doc>Creates an instance of Selenium WebDriver.</doc>
<msg timestamp="20230424 16:50:32.105" level="INFO">Creating an instance of the Chrome WebDriver.</msg>
<status status="PASS" starttime="20230424 16:50:32.104" endtime="20230424 16:50:33.987"/>
</kw>
<kw name="Maximize Browser Window" library="SeleniumLibrary">
<doc>Maximizes current browser window.</doc>
<status status="PASS" starttime="20230424 16:50:33.988" endtime="20230424 16:50:34.112"/>
</kw>
<kw name="Go To" library="SeleniumLibrary">
<arg>${URL_Param}</arg>
<doc>Navigates the current browser window to the provided ``url``.</doc>
<msg timestamp="20230424 16:50:34.112" level="INFO">Opening url 'https://leafground.com/dashboard.xhtml'</msg>
<status status="PASS" starttime="20230424 16:50:34.112" endtime="20230424 16:50:41.246"/>
</kw>
<kw name="Sleep" library="BuiltIn">
<arg>5</arg>
<doc>Pauses the test executed for the given time.</doc>
<msg timestamp="20230424 16:50:46.246" level="INFO">Slept 5 seconds</msg>
<status status="PASS" starttime="20230424 16:50:41.246" endtime="20230424 16:50:46.246"/>
</kw>
<status status="PASS" starttime="20230424 16:50:32.104" endtime="20230424 16:50:46.246"/>
</kw>
<kw name="Get Inventory text" library="DashboardPage">
<kw name="Get WebElements" library="SeleniumLibrary">
<var>${actual_invertory_list}</var>
<arg>${inventory_id}</arg>
<doc>Returns a list of WebElement objects matching the ``locator``.</doc>
<msg timestamp="20230424 16:50:46.257" level="INFO">${actual_invertory_list} = [&lt;selenium.webdriver.remote.webelement.WebElement (session="2c8a042f6fa19c6172730d00b2bc849b", element="fac0f3bc-26da-44df-941f-fff3bf206698")&gt;, &lt;selenium.webdriver.remote.webelement.WebElement (sessi...</msg>
<status status="PASS" starttime="20230424 16:50:46.246" endtime="20230424 16:50:46.257"/>
</kw>
<for flavor="IN">
<var>${element}</var>
<value>@{actual_invertory_list}</value>
<iter>
<var name="${element}">&lt;selenium.webdriver.remote.webelement.WebElement (session="2c8a042f6fa19c6172730d00b2bc849b", element="fac0f3bc-26da-44df-941f-fff3bf206698")&gt;</var>
<kw name="Log To Console" library="BuiltIn">
<arg>${element.text}</arg>
<doc>Logs the given message to the console.</doc>
<status status="PASS" starttime="20230424 16:50:46.257" endtime="20230424 16:50:46.274"/>
</kw>
<status status="PASS" starttime="20230424 16:50:46.257" endtime="20230424 16:50:46.274"/>
</iter>
<iter>
<var name="${element}">&lt;selenium.webdriver.remote.webelement.WebElement (session="2c8a042f6fa19c6172730d00b2bc849b", element="1d20d1e3-b738-49e1-87c8-c0bbdc665bca")&gt;</var>
<kw name="Log To Console" library="BuiltIn">
<arg>${element.text}</arg>
<doc>Logs the given message to the console.</doc>
<status status="PASS" starttime="20230424 16:50:46.274" endtime="20230424 16:50:46.276"/>
</kw>
<status status="PASS" starttime="20230424 16:50:46.274" endtime="20230424 16:50:46.276"/>
</iter>
<iter>
<var name="${element}">&lt;selenium.webdriver.remote.webelement.WebElement (session="2c8a042f6fa19c6172730d00b2bc849b", element="726c95c6-ce33-48b2-a77d-a6496fa82464")&gt;</var>
<kw name="Log To Console" library="BuiltIn">
<arg>${element.text}</arg>
<doc>Logs the given message to the console.</doc>
<status status="PASS" starttime="20230424 16:50:46.276" endtime="20230424 16:50:46.292"/>
</kw>
<status status="PASS" starttime="20230424 16:50:46.276" endtime="20230424 16:50:46.292"/>
</iter>
<status status="PASS" starttime="20230424 16:50:46.257" endtime="20230424 16:50:46.292"/>
</for>
<status status="PASS" starttime="20230424 16:50:46.246" endtime="20230424 16:50:46.292"/>
</kw>
<kw name="close browser session" library="Generic" type="TEARDOWN">
<kw name="Close Browser" library="SeleniumLibrary">
<doc>Closes the current browser.</doc>
<status status="PASS" starttime="20230424 16:50:46.292" endtime="20230424 16:50:48.525"/>
</kw>
<status status="PASS" starttime="20230424 16:50:46.292" endtime="20230424 16:50:48.525"/>
</kw>
<status status="PASS" starttime="20230424 16:50:32.103" endtime="20230424 16:50:48.526"/>
</test>
<test id="s1-t3" name="Frame Actions" line="20">
<kw name="Open Browser with passed url" library="Generic" type="SETUP">
<arg>${URL_Param}</arg>
<kw name="Create Webdriver" library="SeleniumLibrary">
<arg>Chrome</arg>
<arg>executable_path=driver/chromedriver.exe</arg>
<doc>Creates an instance of Selenium WebDriver.</doc>
<msg timestamp="20230424 16:50:48.526" level="INFO">Creating an instance of the Chrome WebDriver.</msg>
<status status="PASS" starttime="20230424 16:50:48.526" endtime="20230424 16:50:50.409"/>
</kw>
<kw name="Maximize Browser Window" library="SeleniumLibrary">
<doc>Maximizes current browser window.</doc>
<status status="PASS" starttime="20230424 16:50:50.409" endtime="20230424 16:50:50.532"/>
</kw>
<kw name="Go To" library="SeleniumLibrary">
<arg>${URL_Param}</arg>
<doc>Navigates the current browser window to the provided ``url``.</doc>
<msg timestamp="20230424 16:50:50.532" level="INFO">Opening url 'https://leafground.com/dashboard.xhtml'</msg>
<status status="PASS" starttime="20230424 16:50:50.532" endtime="20230424 16:50:57.405"/>
</kw>
<kw name="Sleep" library="BuiltIn">
<arg>5</arg>
<doc>Pauses the test executed for the given time.</doc>
<msg timestamp="20230424 16:51:02.405" level="INFO">Slept 5 seconds</msg>
<status status="PASS" starttime="20230424 16:50:57.405" endtime="20230424 16:51:02.405"/>
</kw>
<status status="PASS" starttime="20230424 16:50:48.526" endtime="20230424 16:51:02.405"/>
</kw>
<kw name="Navigate to" library="Generic">
<arg>Browser</arg>
<arg>Frame</arg>
<kw name="Replace String" library="String">
<var>${nav_main}</var>
<arg>${navigation_element}</arg>
<arg>navigation_title</arg>
<arg>${navigation_title}</arg>
<doc>Replaces ``search_for`` in the given ``string`` with ``replace_with``.</doc>
<msg timestamp="20230424 16:51:02.405" level="INFO">${nav_main} = //span[text()='Browser']//preceding-sibling::i</msg>
<status status="PASS" starttime="20230424 16:51:02.405" endtime="20230424 16:51:02.405"/>
</kw>
<kw name="Click Element" library="SeleniumLibrary">
<arg>${nav_main}</arg>
<doc>Click the element identified by ``locator``.</doc>
<msg timestamp="20230424 16:51:02.405" level="INFO">Clicking element '//span[text()='Browser']//preceding-sibling::i'.</msg>
<status status="PASS" starttime="20230424 16:51:02.405" endtime="20230424 16:51:02.470"/>
</kw>
<kw name="Sleep" library="BuiltIn">
<arg>5</arg>
<doc>Pauses the test executed for the given time.</doc>
<msg timestamp="20230424 16:51:07.470" level="INFO">Slept 5 seconds</msg>
<status status="PASS" starttime="20230424 16:51:02.470" endtime="20230424 16:51:07.470"/>
</kw>
<kw name="Replace String" library="String">
<var>${nav_option}</var>
<arg>${navigation_opt}</arg>
<arg>navigation_opt</arg>
<arg>${navigation_option}</arg>
<doc>Replaces ``search_for`` in the given ``string`` with ``replace_with``.</doc>
<msg timestamp="20230424 16:51:07.470" level="INFO">${nav_option} = //span[text()='Frame']//parent::a</msg>
<status status="PASS" starttime="20230424 16:51:07.470" endtime="20230424 16:51:07.470"/>
</kw>
<kw name="Click Link" library="SeleniumLibrary">
<arg>${nav_option}</arg>
<doc>Clicks a link identified by ``locator``.</doc>
<msg timestamp="20230424 16:51:07.473" level="INFO">Clicking link '//span[text()='Frame']//parent::a'.</msg>
<status status="PASS" starttime="20230424 16:51:07.470" endtime="20230424 16:51:12.260"/>
</kw>
<kw name="Sleep" library="BuiltIn">
<arg>5</arg>
<doc>Pauses the test executed for the given time.</doc>
<msg timestamp="20230424 16:51:17.261" level="INFO">Slept 5 seconds</msg>
<status status="PASS" starttime="20230424 16:51:12.260" endtime="20230424 16:51:17.261"/>
</kw>
<status status="PASS" starttime="20230424 16:51:02.405" endtime="20230424 16:51:17.261"/>
</kw>
<kw name="Click on Frame and extract text" library="SecBrowserSubFramePage">
<arg>Click Me (Inside frame)</arg>
<kw name="Replace String" library="String">
<var>${frame_connector}</var>
<arg>${frame_selector}</arg>
<arg>frametext</arg>
<arg>${framename}</arg>
<doc>Replaces ``search_for`` in the given ``string`` with ``replace_with``.</doc>
<msg timestamp="20230424 16:51:17.267" level="INFO">${frame_connector} = //h5[contains(text(),'Click Me (Inside frame)')]//following-sibling::iframe</msg>
<status status="PASS" starttime="20230424 16:51:17.266" endtime="20230424 16:51:17.267"/>
</kw>
<kw name="Select Frame" library="SeleniumLibrary">
<arg>${frame_connector}</arg>
<doc>Sets frame identified by ``locator`` as the current frame.</doc>
<msg timestamp="20230424 16:51:17.267" level="INFO">Selecting frame '//h5[contains(text(),'Click Me (Inside frame)')]//following-sibling::iframe'.</msg>
<status status="PASS" starttime="20230424 16:51:17.267" endtime="20230424 16:51:17.293"/>
</kw>
<kw name="Click Button" library="SeleniumLibrary">
<arg>${btn_click_frame}</arg>
<doc>Clicks the button identified by ``locator``.</doc>
<msg timestamp="20230424 16:51:17.293" level="INFO">Clicking button '//button[@id="Click"]'.</msg>
<status status="PASS" starttime="20230424 16:51:17.293" endtime="20230424 16:51:17.363"/>
</kw>
<kw name="Sleep" library="BuiltIn">
<arg>5</arg>
<doc>Pauses the test executed for the given time.</doc>
<msg timestamp="20230424 16:51:22.364" level="INFO">Slept 5 seconds</msg>
<status status="PASS" starttime="20230424 16:51:17.363" endtime="20230424 16:51:22.364"/>
</kw>
<kw name="Get Text" library="SeleniumLibrary">
<var>${extracted_text}</var>
<arg>${btn_click_frame}</arg>
<doc>Returns the text value of the element identified by ``locator``.</doc>
<msg timestamp="20230424 16:51:22.386" level="INFO">${extracted_text} = Hurray! You Clicked Me.</msg>
<status status="PASS" starttime="20230424 16:51:22.364" endtime="20230424 16:51:22.386"/>
</kw>
<kw name="Log To Console" library="BuiltIn">
<arg>${extracted_text}</arg>
<doc>Logs the given message to the console.</doc>
<status status="PASS" starttime="20230424 16:51:22.386" endtime="20230424 16:51:22.388"/>
</kw>
<kw name="Unselect Frame" library="SeleniumLibrary">
<doc>Sets the main frame as the current frame.</doc>
<status status="PASS" starttime="20230424 16:51:22.389" endtime="20230424 16:51:22.390"/>
</kw>
<status status="PASS" starttime="20230424 16:51:17.265" endtime="20230424 16:51:22.390"/>
</kw>
<kw name="Click on Nested Frame and extract text" library="SecBrowserSubFramePage">
<arg>Click Me (Inside Nested frame)</arg>
<kw name="Replace String" library="String">
<var>${frame_connector}</var>
<arg>${frame_selector}</arg>
<arg>frametext</arg>
<arg>${framename}</arg>
<doc>Replaces ``search_for`` in the given ``string`` with ``replace_with``.</doc>
<msg timestamp="20230424 16:51:22.390" level="INFO">${frame_connector} = //h5[contains(text(),'Click Me (Inside Nested frame)')]//following-sibling::iframe</msg>
<status status="PASS" starttime="20230424 16:51:22.390" endtime="20230424 16:51:22.390"/>
</kw>
<kw name="Select Frame" library="SeleniumLibrary">
<arg>${frame_connector}</arg>
<doc>Sets frame identified by ``locator`` as the current frame.</doc>
<msg timestamp="20230424 16:51:22.390" level="INFO">Selecting frame '//h5[contains(text(),'Click Me (Inside Nested frame)')]//following-sibling::iframe'.</msg>
<status status="PASS" starttime="20230424 16:51:22.390" endtime="20230424 16:51:22.415"/>
</kw>
<kw name="Select Frame" library="SeleniumLibrary">
<arg>${frame2_selector}</arg>
<doc>Sets frame identified by ``locator`` as the current frame.</doc>
<msg timestamp="20230424 16:51:22.415" level="INFO">Selecting frame '//iframe[@id="frame2"]'.</msg>
<status status="PASS" starttime="20230424 16:51:22.415" endtime="20230424 16:51:22.440"/>
</kw>
<kw name="Click Button" library="SeleniumLibrary">
<arg>${btn_click_frame}</arg>
<doc>Clicks the button identified by ``locator``.</doc>
<msg timestamp="20230424 16:51:22.440" level="INFO">Clicking button '//button[@id="Click"]'.</msg>
<status status="PASS" starttime="20230424 16:51:22.440" endtime="20230424 16:51:22.530"/>
</kw>
<kw name="Sleep" library="BuiltIn">
<arg>5</arg>
<doc>Pauses the test executed for the given time.</doc>
<msg timestamp="20230424 16:51:27.531" level="INFO">Slept 5 seconds</msg>
<status status="PASS" starttime="20230424 16:51:22.531" endtime="20230424 16:51:27.531"/>
</kw>
<kw name="Get Text" library="SeleniumLibrary">
<var>${extracted_text}</var>
<arg>${btn_click_frame}</arg>
<doc>Returns the text value of the element identified by ``locator``.</doc>
<msg timestamp="20230424 16:51:27.555" level="INFO">${extracted_text} = Hurray! You Clicked Me.</msg>
<status status="PASS" starttime="20230424 16:51:27.531" endtime="20230424 16:51:27.555"/>
</kw>
<kw name="Log To Console" library="BuiltIn">
<arg>${extracted_text}</arg>
<doc>Logs the given message to the console.</doc>
<status status="PASS" starttime="20230424 16:51:27.555" endtime="20230424 16:51:27.555"/>
</kw>
<kw name="Unselect Frame" library="SeleniumLibrary">
<doc>Sets the main frame as the current frame.</doc>
<status status="PASS" starttime="20230424 16:51:27.555" endtime="20230424 16:51:27.555"/>
</kw>
<status status="PASS" starttime="20230424 16:51:22.390" endtime="20230424 16:51:27.555"/>
</kw>
<kw name="close browser session" library="Generic" type="TEARDOWN">
<kw name="Close Browser" library="SeleniumLibrary">
<doc>Closes the current browser.</doc>
<status status="PASS" starttime="20230424 16:51:27.555" endtime="20230424 16:51:29.829"/>
</kw>
<status status="PASS" starttime="20230424 16:51:27.555" endtime="20230424 16:51:29.829"/>
</kw>
<status status="PASS" starttime="20230424 16:50:48.526" endtime="20230424 16:51:29.829"/>
</test>
<doc>Perform Test on Dashboard</doc>
<status status="PASS" starttime="20230424 16:50:08.465" endtime="20230424 16:51:29.829"/>
</suite>
<statistics>
<total>
<stat pass="3" fail="0" skip="0">All Tests</stat>
</total>
<tag>
</tag>
<suite>
<stat pass="3" fail="0" skip="0" id="s1" name="testDemo10">testDemo10</stat>
</suite>
</statistics>
<errors>
</errors>
</robot>
